[debug] [2023-08-30T17:42:58.628Z] ----------------------------------------------------------------------
[debug] [2023-08-30T17:42:58.630Z] Command:       C:\Program Files\nodejs\node.exe C:\Program Files\nodejs\node_modules\firebase-tools\lib\bin\firebase.js init hosting
[debug] [2023-08-30T17:42:58.631Z] CLI Version:   12.5.2
[debug] [2023-08-30T17:42:58.631Z] Platform:      win32
[debug] [2023-08-30T17:42:58.631Z] Node Version:  v16.20.2
[debug] [2023-08-30T17:42:58.631Z] Time:          Wed Aug 30 2023 20:42:58 GMT+0300 (Ora de vară a Europei de Est)
[debug] [2023-08-30T17:42:58.632Z] ----------------------------------------------------------------------
[debug] 
[debug] [2023-08-30T17:42:58.690Z] > command requires scopes: ["email","openid","https://www.googleapis.com/auth/cloudplatformprojects.readonly","https://www.googleapis.com/auth/firebase","https://www.googleapis.com/auth/cloud-platform"]
[debug] [2023-08-30T17:42:58.690Z] > authorizing via signed-in user (buteanrares@gmail.com)
[info] 
     ######## #### ########  ######## ########     ###     ######  ########
     ##        ##  ##     ## ##       ##     ##  ##   ##  ##       ##
     ######    ##  ########  ######   ########  #########  ######  ######
     ##        ##  ##    ##  ##       ##     ## ##     ##       ## ##
     ##       #### ##     ## ######## ########  ##     ##  ######  ########

You're about to initialize a Firebase project in this directory:

  C:\Users\rares.butean\Desktop\sveltekit_firebase

Before we get started, keep in mind:

  * You are initializing within an existing Firebase project directory

[info] 
=== Project Setup
[info] 
[info] First, let's associate this project directory with a Firebase project.
[info] You can create multiple project aliases by running firebase use --add, 
[info] but for now we'll just set up a default project.
[info] 
[debug] [2023-08-30T17:43:01.197Z] Using project from CLI flag: bidsafari140500
[debug] [2023-08-30T17:43:01.199Z] >>> [apiv2][query] GET https://firebase.googleapis.com/v1beta1/projects/bidsafari140500 [none]
[debug] [2023-08-30T17:43:01.473Z] <<< [apiv2][status] GET https://firebase.googleapis.com/v1beta1/projects/bidsafari140500 200
[debug] [2023-08-30T17:43:01.473Z] <<< [apiv2][body] GET https://firebase.googleapis.com/v1beta1/projects/bidsafari140500 {"projectId":"bidsafari140500","projectNumber":"939126548766","displayName":"bidsafari140500","name":"projects/bidsafari140500","resources":{"hostingSite":"bidsafari140500"},"state":"ACTIVE","etag":"1_cd510d63-4021-4704-a11f-40b69d9dc59a"}
[info] i  Using project bidsafari140500 (bidsafari140500) 
[info] 
=== Hosting Setup
[info] 
[info] i  Didn't detect a .git folder. Assuming C:\Users\rares.butean\Desktop\sveltekit_firebase is the project root. 
[info] i  Authorizing with GitHub to upload your service account to a GitHub repository's secrets store. 
[info] 
[info] Visit this URL on this device to log in:
[info] https://github.com/login/oauth/authorize?client_id=89cf50f02ac6aaed3484&state=1010565779&redirect_uri=http%3A%2F%2Flocalhost%3A9005&scope=read%3Auser%20repo%20public_repo
[info] 
[info] Waiting for authentication...
